<?xml version="1.0" encoding="UTF-8"?>
<!-- Generated by org.testng.reporters.JUnitXMLReporter -->
<testsuite ignored="0" hostname="DESKTOP-9NP4PP6" failures="0" tests="3" name="Default test" time="74.901" errors="0" timestamp="07 Apr. 2021 02:31:50 GMT">
  <testcase classname="com.bunnings.tests.WebUITests" name="searchWithInputText" time="16.705"/>
  <testcase classname="com.bunnings.tests.WebUITests" name="searchWithSpecialCharacters" time="12.974"/>
  <testcase classname="com.bunnings.tests.WebUITests" name="searchWithoutInputText" time="10.994"/>
</testsuite> <!-- Default test -->
