<?xml version="1.0" encoding="UTF-8"?>
<!-- Generated by org.testng.reporters.JUnitXMLReporter -->
<testsuite ignored="0" hostname="DESKTOP-9NP4PP6" failures="0" tests="3" name="Test Suite" time="69.621" errors="0" timestamp="07 Apr. 2021 02:38:00 GMT">
  <testcase classname="com.bunnings.tests.WebUITests" name="searchWithInputText" time="13.747"/>
  <testcase classname="com.bunnings.tests.WebUITests" name="searchWithSpecialCharacters" time="11.878"/>
  <testcase classname="com.bunnings.tests.WebUITests" name="searchWithoutInputText" time="8.743"/>
</testsuite> <!-- Test Suite -->
